
=== Mon Apr  4 19:36:16 2022

Packages were changed.
Update Mode: updateDependencies

The following packages were updated:
  com.unity.collab-proxy from version 1.2.16 to 1.14.13
  com.unity.ide.vscode from version 1.2.3 to 1.2.5
  com.unity.test-framework from version 1.1.24 to 1.1.31

=== Thu Jun 23 00:32:30 2022

Packages were changed.
Update Mode: updateDependencies

The following packages were added:
  com.unity.ide.visualstudio@2.0.14
The following packages were updated:
  com.unity.collab-proxy from version 1.14.13 to 1.15.15
  com.unity.formats.fbx from version 4.1.1 to 4.1.2
  com.unity.ide.rider from version 1.2.1 to 3.0.13
  com.unity.textmeshpro from version 2.1.4 to 3.0.6
  com.unity.timeline from version 1.2.18 to 1.6.4
  com.unity.xr.management from version 4.0.1 to 4.2.0
The following packages were removed:
  com.unity.xr.oculus.android@2.38.6
  com.unity.xr.oculus.standalone@2.38.4
  com.unity.xr.windowsmr.metro@4.2.3
